#-----------------------------------------------------------
# Vivado v2016.4 (64-bit)
# SW Build 1733598 on Wed Dec 14 22:35:39 MST 2016
# IP Build 1731160 on Wed Dec 14 23:47:21 MST 2016
# Start of session at: Fri Nov 17 13:08:31 2017
# Process ID: 11204
# Current directory: E:/Workspace/Vivado_16.4/2017_11_17_Pingpang_RAM
# Command line: vivado.exe -gui_launcher_event rodinguilauncherevent20400 E:\Workspace\Vivado_16.4\2017_11_17_Pingpang_RAM\Pingpang_RAM.xpr
# Log file: E:/Workspace/Vivado_16.4/2017_11_17_Pingpang_RAM/vivado.log
# Journal file: E:/Workspace/Vivado_16.4/2017_11_17_Pingpang_RAM\vivado.jou
#-----------------------------------------------------------
start_gui
open_project E:/Workspace/Vivado_16.4/2017_11_17_Pingpang_RAM/Pingpang_RAM.xpr
Scanning sources...
Finished scanning sources
INFO: [IP_Flow 19-234] Refreshing IP repositories
INFO: [IP_Flow 19-1704] No user IP repositories specified
INFO: [IP_Flow 19-2313] Loaded Vivado IP repository 'E:/Softwares/Vivado/Vivado/2016.4/data/ip'.
open_project: Time (s): cpu = 00:00:10 ; elapsed = 00:00:05 . Memory (MB): peak = 738.223 ; gain = 82.230
INFO: [Device 21-403] Loading part xc7a35tcpg236-1
WARNING: [IP_Flow 19-4067] Ignoring invalid widget type specified checkbox.Providing a default widget
WARNING: [IP_Flow 19-4067] Ignoring invalid widget type specified checkbox.Providing a default widget
exit
INFO: [Common 17-206] Exiting Vivado at Fri Nov 17 13:14:38 2017...
