#-----------------------------------------------------------
# Vivado v2016.4 (64-bit)
# SW Build 1733598 on Wed Dec 14 22:35:39 MST 2016
# IP Build 1731160 on Wed Dec 14 23:47:21 MST 2016
# Start of session at: Fri Nov 17 13:15:54 2017
# Process ID: 11616
# Current directory: E:/Workspace/Vivado_16.4/2017_11_17_Pingpang_RAM
# Command line: vivado.exe -gui_launcher_event rodinguilauncherevent17944 E:\Workspace\Vivado_16.4\2017_11_17_Pingpang_RAM\Pingpang_RAM.xpr
# Log file: E:/Workspace/Vivado_16.4/2017_11_17_Pingpang_RAM/vivado.log
# Journal file: E:/Workspace/Vivado_16.4/2017_11_17_Pingpang_RAM\vivado.jou
#-----------------------------------------------------------
start_gui
open_project E:/Workspace/Vivado_16.4/2017_11_17_Pingpang_RAM/Pingpang_RAM.xpr
Scanning sources...
Finished scanning sources
INFO: [IP_Flow 19-234] Refreshing IP repositories
INFO: [IP_Flow 19-1704] No user IP repositories specified
INFO: [IP_Flow 19-2313] Loaded Vivado IP repository 'E:/Softwares/Vivado/Vivado/2016.4/data/ip'.
open_project: Time (s): cpu = 00:00:10 ; elapsed = 00:00:05 . Memory (MB): peak = 759.020 ; gain = 93.414
exit
INFO: [Common 17-206] Exiting Vivado at Fri Nov 17 15:03:17 2017...
